<?xml version="1.0" encoding="UTF-8"?>
<robot generator="Robot 6.1.1 (Python 3.12.1 on win32)" generated="20240106 21:51:05.509" rpa="false" schemaversion="4">
<suite id="s1" name="TesteQA" source="C:\Users\natan\Downloads\TesteQA">
<suite id="s1-s1" name="Dicionary" source="C:\Users\natan\Downloads\TesteQA\dicionary.robot">
<test id="s1-s1-t1" name="Deve cadastrar um novo dog walker" line="12">
<kw name="Create Dictionary" library="BuiltIn">
<var>${dog_walker}</var>
<arg>name=Natanael</arg>
<arg>email=ngsneto@gmail.com</arg>
<arg>cpf=07687465470</arg>
<arg>cep=58070400</arg>
<arg>addressStreet=Rua Elias Cavalcanti de Albuquerque</arg>
<arg>addressDistrict=Cristo Redentor</arg>
<arg>addressCityUf=João Pessoa/PB</arg>
<arg>adressNumber=120</arg>
<arg>addressDetails=apto105</arg>
<arg>cnh=i.jpg</arg>
<doc>Creates and returns a dictionary based on the given ``items``.</doc>
<msg timestamp="20240106 21:51:06.580" level="INFO">${dog_walker} = {'name': 'Natanael', 'email': 'ngsneto@gmail.com', 'cpf': '07687465470', 'cep': '58070400', 'addressStreet': 'Rua Elias Cavalcanti de Albuquerque', 'addressDistrict': 'Cristo Redentor', 'addressCityUf...</msg>
<status status="PASS" starttime="20240106 21:51:06.580" endtime="20240106 21:51:06.580"/>
</kw>
<kw name="GO TO SIGNUP PAGE">
<msg timestamp="20240106 21:51:06.580" level="FAIL">Keyword with same name defined multiple times.</msg>
<status status="FAIL" starttime="20240106 21:51:06.580" endtime="20240106 21:51:06.580"/>
</kw>
<kw name="FILL SIGNUP FORM">
<arg>${dog_walker}</arg>
<status status="NOT RUN" starttime="20240106 21:51:06.580" endtime="20240106 21:51:06.580"/>
</kw>
<kw name="SUBMIT SIGNUP FORM">
<status status="NOT RUN" starttime="20240106 21:51:06.580" endtime="20240106 21:51:06.580"/>
</kw>
<kw name="POPUP SHOULD BE">
<arg>Recebemos o seu cadastro e em breve retornaremos o contato.</arg>
<status status="NOT RUN" starttime="20240106 21:51:06.593" endtime="20240106 21:51:06.593"/>
</kw>
<status status="FAIL" starttime="20240106 21:51:06.580" endtime="20240106 21:51:06.596">Keyword with same name defined multiple times.</status>
</test>
<doc>Suite de testes do home page</doc>
<status status="FAIL" starttime="20240106 21:51:05.574" endtime="20240106 21:51:06.629"/>
</suite>
<status status="FAIL" starttime="20240106 21:51:05.525" endtime="20240106 21:51:06.663"/>
</suite>
<statistics>
<total>
<stat pass="0" fail="1" skip="0">All Tests</stat>
</total>
<tag>
</tag>
<suite>
<stat pass="0" fail="1" skip="0" id="s1" name="TesteQA">TesteQA</stat>
<stat pass="0" fail="1" skip="0" id="s1-s1" name="Dicionary">TesteQA.Dicionary</stat>
</suite>
</statistics>
<errors>
<msg timestamp="20240106 21:51:05.574" level="ERROR">Error in file 'C:\Users\natan\Downloads\TesteQA\dicionary.robot' on line 35: Creating keyword 'GO TO SIGNUP PAGE' failed: User keyword cannot be empty.</msg>
<msg timestamp="20240106 21:51:05.576" level="ERROR">Error in file 'C:\Users\natan\Downloads\TesteQA\dicionary.robot' on line 37: Creating keyword 'SUBMIT SIGNUP FORM' failed: User keyword cannot be empty.</msg>
<msg timestamp="20240106 21:51:05.578" level="ERROR">Error in file 'C:\Users\natan\Downloads\TesteQA\dicionary.robot' on line 41: Creating keyword 'GO TO SIGNUP PAGE' failed: Keyword with same name defined multiple times.</msg>
<msg timestamp="20240106 21:51:05.580" level="ERROR">Error in file 'C:\Users\natan\Downloads\TesteQA\dicionary.robot' on line 48: Creating keyword 'FILL SIGNUP FORM' failed: Keyword with same name defined multiple times.</msg>
</errors>
</robot>
