<?xml version="1.0" encoding="UTF-8"?>
<robot generator="Robot 6.1.1 (Python 3.12.1 on win32)" generated="20240103 11:27:36.053" rpa="false" schemaversion="4">
<suite id="s1" name="homeEncapsulamento" source="C:\Users\natan\natanaelguedes-UdemyAppiumAndRobotFramework\XQAEXPERIENCE\tests\homeEncapsulamento.robot">
<test id="s1-t1" name="Deve cadastrar um novo dog walker" line="6">
<kw name="Set Variable" library="BuiltIn">
<var>${name}</var>
<arg>Natanael</arg>
<doc>Returns the given values which can then be assigned to a variables.</doc>
<msg timestamp="20240103 11:27:37.073" level="INFO">${name} = Natanael</msg>
<status status="PASS" starttime="20240103 11:27:37.073" endtime="20240103 11:27:37.073"/>
</kw>
<kw name="Set Variable" library="BuiltIn">
<var>${email}</var>
<arg>ngsneto@gmail.com</arg>
<doc>Returns the given values which can then be assigned to a variables.</doc>
<msg timestamp="20240103 11:27:37.073" level="INFO">${email} = ngsneto@gmail.com</msg>
<status status="PASS" starttime="20240103 11:27:37.073" endtime="20240103 11:27:37.073"/>
</kw>
<kw name="Set Variable" library="BuiltIn">
<var>${cpf}</var>
<arg>0726547474</arg>
<doc>Returns the given values which can then be assigned to a variables.</doc>
<msg timestamp="20240103 11:27:37.073" level="INFO">${cpf} = 0726547474</msg>
<status status="PASS" starttime="20240103 11:27:37.073" endtime="20240103 11:27:37.073"/>
</kw>
<kw name="Set Variable" library="BuiltIn">
<var>${cep}</var>
<arg>58070400</arg>
<doc>Returns the given values which can then be assigned to a variables.</doc>
<msg timestamp="20240103 11:27:37.073" level="INFO">${cep} = 58070400</msg>
<status status="PASS" starttime="20240103 11:27:37.073" endtime="20240103 11:27:37.073"/>
</kw>
<kw name="Set Variable" library="BuiltIn">
<var>${numero}</var>
<arg>120</arg>
<doc>Returns the given values which can then be assigned to a variables.</doc>
<msg timestamp="20240103 11:27:37.073" level="INFO">${numero} = 120</msg>
<status status="PASS" starttime="20240103 11:27:37.073" endtime="20240103 11:27:37.073"/>
</kw>
<kw name="Set Variable" library="BuiltIn">
<var>${complemento}</var>
<arg>Apto105</arg>
<doc>Returns the given values which can then be assigned to a variables.</doc>
<msg timestamp="20240103 11:27:37.073" level="INFO">${complemento} = Apto105</msg>
<status status="PASS" starttime="20240103 11:27:37.073" endtime="20240103 11:27:37.073"/>
</kw>
<kw name="Set Variable" library="BuiltIn">
<var>${addressStreet}</var>
<arg>Rua Elias Cavalcanti de Albuquerque</arg>
<doc>Returns the given values which can then be assigned to a variables.</doc>
<msg timestamp="20240103 11:27:37.073" level="INFO">${addressStreet} = Rua Elias Cavalcanti de Albuquerque</msg>
<status status="PASS" starttime="20240103 11:27:37.073" endtime="20240103 11:27:37.073"/>
</kw>
<kw name="Set Variable" library="BuiltIn">
<var>${addressNumber}</var>
<arg>120</arg>
<doc>Returns the given values which can then be assigned to a variables.</doc>
<msg timestamp="20240103 11:27:37.073" level="INFO">${addressNumber} = 120</msg>
<status status="PASS" starttime="20240103 11:27:37.073" endtime="20240103 11:27:37.073"/>
</kw>
<kw name="Set Variable" library="BuiltIn">
<var>${addressDetails}</var>
<arg>105</arg>
<doc>Returns the given values which can then be assigned to a variables.</doc>
<msg timestamp="20240103 11:27:37.073" level="INFO">${addressDetails} = 105</msg>
<status status="PASS" starttime="20240103 11:27:37.073" endtime="20240103 11:27:37.073"/>
</kw>
<kw name="Set Variable" library="BuiltIn">
<var>${addressDistrict}</var>
<arg>Cristo Redentor</arg>
<doc>Returns the given values which can then be assigned to a variables.</doc>
<msg timestamp="20240103 11:27:37.073" level="INFO">${addressDistrict} = Cristo Redentor</msg>
<status status="PASS" starttime="20240103 11:27:37.073" endtime="20240103 11:27:37.073"/>
</kw>
<kw name="Set Variable" library="BuiltIn">
<var>${addressCityUf}</var>
<arg>João Pessoa/PB</arg>
<doc>Returns the given values which can then be assigned to a variables.</doc>
<msg timestamp="20240103 11:27:37.073" level="INFO">${addressCityUf} = João Pessoa/PB</msg>
<status status="PASS" starttime="20240103 11:27:37.073" endtime="20240103 11:27:37.073"/>
</kw>
<kw name="Set Variable" library="BuiltIn">
<var>${url}</var>
<arg>i.jpg</arg>
<doc>Returns the given values which can then be assigned to a variables.</doc>
<msg timestamp="20240103 11:27:37.073" level="INFO">${url} = i.jpg</msg>
<status status="PASS" starttime="20240103 11:27:37.073" endtime="20240103 11:27:37.073"/>
</kw>
<kw name="inicia" library="Cap">
<kw name="New Browser" library="Browser">
<arg>browser=chromium</arg>
<arg>headless=False</arg>
<tag>BrowserControl</tag>
<tag>Setter</tag>
<doc>Create a new playwright Browser with specified options.</doc>
<msg timestamp="20240103 11:27:37.073" level="INFO">{"browser": "chromium", "headless": false, "chromiumSandbox": false, "devtools": false, "handleSIGHUP": true, "handleSIGINT": true, "handleSIGTERM": true, "slowMo": 0.0, "timeout": 30000.0, "tracesDir": "C:\\Users\\natan\\natanaelguedes-UdemyAppiumAndRobotFramework\\XQAEXPERIENCE\\tests\\logs\\browser\\traces\\c7305386-c03c-4b3a-a0c6-cb8f68bffa06"}</msg>
<msg timestamp="20240103 11:27:37.465" level="INFO">Successfully created browser with options: {"browser":"chromium","headless":false,"chromiumSandbox":false,"devtools":false,"handleSIGHUP":true,"handleSIGINT":true,"handleSIGTERM":true,"slowMo":0,"timeout":30000,"tracesDir":"C:\\Users\\natan\\natanaelguedes-UdemyAppiumAndRobotFramework\\XQAEXPERIENCE\\tests\\logs\\browser\\traces\\c7305386-c03c-4b3a-a0c6-cb8f68bffa06"}</msg>
<status status="PASS" starttime="20240103 11:27:37.073" endtime="20240103 11:27:37.465"/>
</kw>
<kw name="New Page" library="Browser">
<arg>https://walkdog.vercel.app/signup</arg>
<tag>BrowserControl</tag>
<tag>Setter</tag>
<doc>Open a new Page.</doc>
<msg timestamp="20240103 11:27:40.332" level="INFO">Successfully initialized new page object and opened url: https://walkdog.vercel.app/signup</msg>
<msg timestamp="20240103 11:27:40.332" level="INFO">No context was open. New context was automatically opened when this page is created.</msg>
<status status="PASS" starttime="20240103 11:27:37.465" endtime="20240103 11:27:40.332"/>
</kw>
<kw name="Wait For Elements State" library="Browser">
<arg>form h1</arg>
<arg>visible</arg>
<arg>5000</arg>
<tag>PageContent</tag>
<tag>Wait</tag>
<doc>Waits for the element found by ``selector`` to satisfy state option.</doc>
<msg timestamp="20240103 11:27:40.356" level="INFO">Waited for Element with selector form h1 at state visible</msg>
<status status="PASS" starttime="20240103 11:27:40.332" endtime="20240103 11:27:40.356"/>
</kw>
<status status="PASS" starttime="20240103 11:27:37.073" endtime="20240103 11:27:40.356"/>
</kw>
<kw name="Get Text" library="Browser">
<arg>form h1</arg>
<arg>equal</arg>
<arg>Faça seu cadastro</arg>
<arg>5000</arg>
<tag>Assertion</tag>
<tag>Getter</tag>
<tag>PageContent</tag>
<doc>Returns text attribute of the element found by ``selector``.</doc>
<msg timestamp="20240103 11:27:40.390" level="INFO">Text: 'Faça seu cadastro'</msg>
<status status="PASS" starttime="20240103 11:27:40.356" endtime="20240103 11:27:40.390"/>
</kw>
<kw name="fillform">
<arg>${name}</arg>
<arg>${email}</arg>
<arg>${cpf}</arg>
<arg>${cep}</arg>
<arg>${numero}</arg>
<arg>${complemento}</arg>
<arg>${addressNumber}</arg>
<arg>${addressDetails}</arg>
<arg>${url}</arg>
<kw name="Fill Text" library="Browser">
<arg>css=input[name=name]</arg>
<arg>${name}</arg>
<tag>PageContent</tag>
<tag>Setter</tag>
<doc>Clears and fills the given ``txt`` into the text field found by ``selector``.</doc>
<msg timestamp="20240103 11:27:40.390" level="INFO">Fills the text 'Natanael' in the given field.</msg>
<status status="PASS" starttime="20240103 11:27:40.390" endtime="20240103 11:27:40.412"/>
</kw>
<kw name="Fill Text" library="Browser">
<arg>css=input[name=email]</arg>
<arg>${email}</arg>
<tag>PageContent</tag>
<tag>Setter</tag>
<doc>Clears and fills the given ``txt`` into the text field found by ``selector``.</doc>
<msg timestamp="20240103 11:27:40.412" level="INFO">Fills the text 'ngsneto@gmail.com' in the given field.</msg>
<status status="PASS" starttime="20240103 11:27:40.412" endtime="20240103 11:27:40.439"/>
</kw>
<kw name="Fill Text" library="Browser">
<arg>css=input[name=cpf]</arg>
<arg>${cpf}</arg>
<tag>PageContent</tag>
<tag>Setter</tag>
<doc>Clears and fills the given ``txt`` into the text field found by ``selector``.</doc>
<msg timestamp="20240103 11:27:40.440" level="INFO">Fills the text '0726547474' in the given field.</msg>
<status status="PASS" starttime="20240103 11:27:40.439" endtime="20240103 11:27:40.440"/>
</kw>
<kw name="Fill Text" library="Browser">
<arg>css=input[name=cep]</arg>
<arg>${cep}</arg>
<tag>PageContent</tag>
<tag>Setter</tag>
<doc>Clears and fills the given ``txt`` into the text field found by ``selector``.</doc>
<msg timestamp="20240103 11:27:40.440" level="INFO">Fills the text '58070400' in the given field.</msg>
<status status="PASS" starttime="20240103 11:27:40.440" endtime="20240103 11:27:40.457"/>
</kw>
<kw name="Click" library="Browser">
<arg>css=input[type=button][value$=CEP]</arg>
<tag>PageContent</tag>
<tag>Setter</tag>
<doc>Simulates mouse click on the element found by ``selector``.</doc>
<status status="PASS" starttime="20240103 11:27:40.457" endtime="20240103 11:27:40.523"/>
</kw>
<kw name="Fill Text" library="Browser">
<arg>css=input[name=addressNumber]</arg>
<arg>${numero}</arg>
<tag>PageContent</tag>
<tag>Setter</tag>
<doc>Clears and fills the given ``txt`` into the text field found by ``selector``.</doc>
<msg timestamp="20240103 11:27:40.523" level="INFO">Fills the text '120' in the given field.</msg>
<status status="PASS" starttime="20240103 11:27:40.523" endtime="20240103 11:27:40.541"/>
</kw>
<kw name="Fill Text" library="Browser">
<arg>css=input[name=addressDetails]</arg>
<arg>${complemento}</arg>
<tag>PageContent</tag>
<tag>Setter</tag>
<doc>Clears and fills the given ``txt`` into the text field found by ``selector``.</doc>
<msg timestamp="20240103 11:27:40.541" level="INFO">Fills the text 'Apto105' in the given field.</msg>
<status status="PASS" starttime="20240103 11:27:40.541" endtime="20240103 11:27:40.555"/>
</kw>
<kw name="Upload File By Selector" library="Browser">
<arg>css=input[type=file]</arg>
<arg>${url}</arg>
<tag>PageContent</tag>
<tag>Setter</tag>
<doc>Uploads file from `path` to file input element matched by selector.</doc>
<msg timestamp="20240103 11:27:40.557" level="FAIL">ValueError: Nonexistent input file path 'C:\Users\natan\natanaelguedes-UdemyAppiumAndRobotFramework\XQAEXPERIENCE\tests\i.jpg'</msg>
<status status="FAIL" starttime="20240103 11:27:40.555" endtime="20240103 11:27:40.558"/>
</kw>
<kw name="Click" library="Browser">
<arg>css=.button-register</arg>
<tag>PageContent</tag>
<tag>Setter</tag>
<doc>Simulates mouse click on the element found by ``selector``.</doc>
<status status="NOT RUN" starttime="20240103 11:27:40.558" endtime="20240103 11:27:40.558"/>
</kw>
<kw name="Click" library="Browser">
<arg>xpath=//*[@id="page-walker"]/form/button</arg>
<arg>Cadastrar</arg>
<tag>PageContent</tag>
<tag>Setter</tag>
<doc>Simulates mouse click on the element found by ``selector``.</doc>
<status status="NOT RUN" starttime="20240103 11:27:40.558" endtime="20240103 11:27:40.559"/>
</kw>
<kw name="ScreenshotLogin" library="Cap">
<status status="NOT RUN" starttime="20240103 11:27:40.559" endtime="20240103 11:27:40.559"/>
</kw>
<kw name="Sleep" library="BuiltIn">
<arg>600</arg>
<doc>Pauses the test executed for the given time.</doc>
<status status="NOT RUN" starttime="20240103 11:27:40.559" endtime="20240103 11:27:40.559"/>
</kw>
<status status="FAIL" starttime="20240103 11:27:40.390" endtime="20240103 11:27:40.559"/>
</kw>
<status status="FAIL" starttime="20240103 11:27:37.065" endtime="20240103 11:27:40.559">ValueError: Nonexistent input file path 'C:\Users\natan\natanaelguedes-UdemyAppiumAndRobotFramework\XQAEXPERIENCE\tests\i.jpg'</status>
</test>
<doc>Suite de testes do home page</doc>
<status status="FAIL" starttime="20240103 11:27:36.053" endtime="20240103 11:27:40.611"/>
</suite>
<statistics>
<total>
<stat pass="0" fail="1" skip="0">All Tests</stat>
</total>
<tag>
</tag>
<suite>
<stat pass="0" fail="1" skip="0" id="s1" name="homeEncapsulamento">homeEncapsulamento</stat>
</suite>
</statistics>
<errors>
</errors>
</robot>
