<?xml version="1.0" encoding="UTF-8"?>
<robot generator="Robot 6.1.1 (Python 3.12.1 on win32)" generated="20231229 12:54:03.827" rpa="false" schemaversion="4">
<suite id="s1" name="Hello" source="C:\QAx\tests\hello.robot">
<test id="s1-t1" name="Deve mostrar uma mensagens de boas vindas" line="4">
<kw name="Log To Console" library="BuiltIn">
<arg>Hello World!</arg>
<doc>Logs the given message to the console.</doc>
<status status="PASS" starttime="20231229 12:54:03.848" endtime="20231229 12:54:03.848"/>
</kw>
<status status="PASS" starttime="20231229 12:54:03.847" endtime="20231229 12:54:03.848"/>
</test>
<doc>meu primeiro teste em robot framework</doc>
<status status="PASS" starttime="20231229 12:54:03.829" endtime="20231229 12:54:03.849"/>
</suite>
<statistics>
<total>
<stat pass="1" fail="0" skip="0">All Tests</stat>
</total>
<tag>
</tag>
<suite>
<stat pass="1" fail="0" skip="0" id="s1" name="Hello">Hello</stat>
</suite>
</statistics>
<errors>
</errors>
</robot>
