<?xml version="1.0" encoding="UTF-8"?>
<robot generator="Robot 6.1.1 (Python 3.12.1 on win32)" generated="20240107 23:05:32.675" rpa="false" schemaversion="4">
<suite id="s1" name="Robot-Discover" source="C:\Users\natan\Robot-Discover">
<suite id="s1-s1" name="TesteQA" source="C:\Users\natan\Robot-Discover\TesteQA">
<suite id="s1-s1-s1" name="SignupForm" source="C:\Users\natan\Robot-Discover\TesteQA\SignupForm.robot">
<test id="s1-s1-s1-t1" name="Deve cadastrar um novo dog walker" line="12">
<kw name="Set Variable" library="BuiltIn">
<var>${name}</var>
<arg>Natanael</arg>
<doc>Returns the given values which can then be assigned to a variables.</doc>
<msg timestamp="20240107 23:05:33.715" level="INFO">${name} = Natanael</msg>
<status status="PASS" starttime="20240107 23:05:33.714" endtime="20240107 23:05:33.715"/>
</kw>
<kw name="Set Variable" library="BuiltIn">
<var>${email}</var>
<arg>ngsneto@gmail.com</arg>
<doc>Returns the given values which can then be assigned to a variables.</doc>
<msg timestamp="20240107 23:05:33.717" level="INFO">${email} = ngsneto@gmail.com</msg>
<status status="PASS" starttime="20240107 23:05:33.716" endtime="20240107 23:05:33.717"/>
</kw>
<kw name="Set Variable" library="BuiltIn">
<var>${cpf}</var>
<arg>07687465470</arg>
<doc>Returns the given values which can then be assigned to a variables.</doc>
<msg timestamp="20240107 23:05:33.718" level="INFO">${cpf} = 07687465470</msg>
<status status="PASS" starttime="20240107 23:05:33.718" endtime="20240107 23:05:33.718"/>
</kw>
<kw name="Set Variable" library="BuiltIn">
<var>${cep}</var>
<arg>58070400</arg>
<doc>Returns the given values which can then be assigned to a variables.</doc>
<msg timestamp="20240107 23:05:33.719" level="INFO">${cep} = 58070400</msg>
<status status="PASS" starttime="20240107 23:05:33.719" endtime="20240107 23:05:33.719"/>
</kw>
<kw name="Set Variable" library="BuiltIn">
<var>${adressNumber}</var>
<arg>120</arg>
<doc>Returns the given values which can then be assigned to a variables.</doc>
<msg timestamp="20240107 23:05:33.720" level="INFO">${adressNumber} = 120</msg>
<status status="PASS" starttime="20240107 23:05:33.720" endtime="20240107 23:05:33.720"/>
</kw>
<kw name="Set Variable" library="BuiltIn">
<var>${addressDetails}</var>
<arg>apto105</arg>
<doc>Returns the given values which can then be assigned to a variables.</doc>
<msg timestamp="20240107 23:05:33.721" level="INFO">${addressDetails} = apto105</msg>
<status status="PASS" starttime="20240107 23:05:33.720" endtime="20240107 23:05:33.721"/>
</kw>
<kw name="Set Variable" library="BuiltIn">
<var>${addressStreet}</var>
<arg>Rua Elias Cavalcanti de Albuquerque</arg>
<doc>Returns the given values which can then be assigned to a variables.</doc>
<msg timestamp="20240107 23:05:33.722" level="INFO">${addressStreet} = Rua Elias Cavalcanti de Albuquerque</msg>
<status status="PASS" starttime="20240107 23:05:33.721" endtime="20240107 23:05:33.722"/>
</kw>
<kw name="Set Variable" library="BuiltIn">
<var>${addressDistrict}</var>
<arg>Cristo Redentor</arg>
<doc>Returns the given values which can then be assigned to a variables.</doc>
<msg timestamp="20240107 23:05:33.723" level="INFO">${addressDistrict} = Cristo Redentor</msg>
<status status="PASS" starttime="20240107 23:05:33.722" endtime="20240107 23:05:33.723"/>
</kw>
<kw name="Set Variable" library="BuiltIn">
<var>${addressCityUf}</var>
<arg>João Pessoa/PB</arg>
<doc>Returns the given values which can then be assigned to a variables.</doc>
<msg timestamp="20240107 23:05:33.724" level="INFO">${addressCityUf} = João Pessoa/PB</msg>
<status status="PASS" starttime="20240107 23:05:33.724" endtime="20240107 23:05:33.725"/>
</kw>
<kw name="New Browser" library="Browser">
<arg>browser=chromium</arg>
<arg>headless=False</arg>
<tag>BrowserControl</tag>
<tag>Setter</tag>
<doc>Create a new playwright Browser with specified options.</doc>
<msg timestamp="20240107 23:05:33.728" level="INFO">{"browser": "chromium", "headless": false, "chromiumSandbox": false, "devtools": false, "handleSIGHUP": true, "handleSIGINT": true, "handleSIGTERM": true, "slowMo": 0.0, "timeout": 30000.0, "tracesDir": "C:\\Users\\natan\\Robot-Discover\\results\\browser\\traces\\23a2e884-05e5-48dc-993a-7e56104001ed"}</msg>
<msg timestamp="20240107 23:05:34.124" level="INFO">Successfully created browser with options: {"browser":"chromium","headless":false,"chromiumSandbox":false,"devtools":false,"handleSIGHUP":true,"handleSIGINT":true,"handleSIGTERM":true,"slowMo":0,"timeout":30000,"tracesDir":"C:\\Users\\natan\\Robot-Discover\\results\\browser\\traces\\23a2e884-05e5-48dc-993a-7e56104001ed"}</msg>
<status status="PASS" starttime="20240107 23:05:33.726" endtime="20240107 23:05:34.125"/>
</kw>
<kw name="New Page" library="Browser">
<arg>https://walkdog.vercel.app/signup</arg>
<tag>BrowserControl</tag>
<tag>Setter</tag>
<doc>Open a new Page.</doc>
<msg timestamp="20240107 23:05:35.557" level="INFO">Successfully initialized new page object and opened url: https://walkdog.vercel.app/signup</msg>
<msg timestamp="20240107 23:05:35.557" level="INFO">No context was open. New context was automatically opened when this page is created.</msg>
<status status="PASS" starttime="20240107 23:05:34.129" endtime="20240107 23:05:35.557"/>
</kw>
<kw name="Wait For Elements State" library="Browser">
<arg>form h1</arg>
<arg>visible</arg>
<arg>5000</arg>
<tag>PageContent</tag>
<tag>Wait</tag>
<doc>Waits for the element found by ``selector`` to satisfy state option.</doc>
<msg timestamp="20240107 23:05:35.593" level="INFO">Waited for Element with selector form h1 at state visible</msg>
<status status="PASS" starttime="20240107 23:05:35.558" endtime="20240107 23:05:35.593"/>
</kw>
<kw name="Get Text" library="Browser">
<arg>form h1</arg>
<arg>equal</arg>
<arg>Faça seu cadastro</arg>
<tag>Assertion</tag>
<tag>Getter</tag>
<tag>PageContent</tag>
<doc>Returns text attribute of the element found by ``selector``.</doc>
<msg timestamp="20240107 23:05:35.625" level="INFO">Text: 'Faça seu cadastro'</msg>
<status status="PASS" starttime="20240107 23:05:35.594" endtime="20240107 23:05:35.626"/>
</kw>
<kw name="Fill Text" library="Browser">
<arg>css=input[name=name]</arg>
<arg>${name}</arg>
<tag>PageContent</tag>
<tag>Setter</tag>
<doc>Clears and fills the given ``txt`` into the text field found by ``selector``.</doc>
<msg timestamp="20240107 23:05:35.627" level="INFO">Fills the text 'Natanael' in the given field.</msg>
<status status="PASS" starttime="20240107 23:05:35.626" endtime="20240107 23:05:35.654"/>
</kw>
<kw name="Fill Text" library="Browser">
<arg>css=input[name=email]</arg>
<arg>${email}</arg>
<tag>PageContent</tag>
<tag>Setter</tag>
<doc>Clears and fills the given ``txt`` into the text field found by ``selector``.</doc>
<msg timestamp="20240107 23:05:35.655" level="INFO">Fills the text 'ngsneto@gmail.com' in the given field.</msg>
<status status="PASS" starttime="20240107 23:05:35.655" endtime="20240107 23:05:35.677"/>
</kw>
<kw name="Fill Text" library="Browser">
<arg>css=input[name=cpf]</arg>
<arg>${cpf}</arg>
<tag>PageContent</tag>
<tag>Setter</tag>
<doc>Clears and fills the given ``txt`` into the text field found by ``selector``.</doc>
<msg timestamp="20240107 23:05:35.679" level="INFO">Fills the text '07687465470' in the given field.</msg>
<status status="PASS" starttime="20240107 23:05:35.678" endtime="20240107 23:05:35.697"/>
</kw>
<kw name="Fill Text" library="Browser">
<arg>css=input[name=cep]</arg>
<arg>${cep}</arg>
<tag>PageContent</tag>
<tag>Setter</tag>
<doc>Clears and fills the given ``txt`` into the text field found by ``selector``.</doc>
<msg timestamp="20240107 23:05:35.698" level="INFO">Fills the text '58070400' in the given field.</msg>
<status status="PASS" starttime="20240107 23:05:35.698" endtime="20240107 23:05:35.716"/>
</kw>
<kw name="Click" library="Browser">
<arg>css=input[type=button][value$=CEP]</arg>
<tag>PageContent</tag>
<tag>Setter</tag>
<doc>Simulates mouse click on the element found by ``selector``.</doc>
<status status="PASS" starttime="20240107 23:05:35.717" endtime="20240107 23:05:35.767"/>
</kw>
<kw name="Get Property" library="Browser">
<arg>css=input[name=addressStreet]</arg>
<arg>value</arg>
<arg>equal</arg>
<arg>${addressStreet}</arg>
<tag>Assertion</tag>
<tag>Getter</tag>
<tag>PageContent</tag>
<doc>Returns the ``property`` of the element found by ``selector``.</doc>
<msg timestamp="20240107 23:05:36.050" level="INFO">Property: 'Rua Elias Cavalcanti de Albuquerque'</msg>
<status status="PASS" starttime="20240107 23:05:35.767" endtime="20240107 23:05:36.051"/>
</kw>
<kw name="Get Property" library="Browser">
<arg>css=input[name=addressDistrict]</arg>
<arg>value</arg>
<arg>equal</arg>
<arg>${addressDistrict}</arg>
<tag>Assertion</tag>
<tag>Getter</tag>
<tag>PageContent</tag>
<doc>Returns the ``property`` of the element found by ``selector``.</doc>
<msg timestamp="20240107 23:05:36.061" level="INFO">Property: 'Cristo Redentor'</msg>
<status status="PASS" starttime="20240107 23:05:36.051" endtime="20240107 23:05:36.061"/>
</kw>
<kw name="Get Property" library="Browser">
<arg>css=input[name=addressCityUf]</arg>
<arg>value</arg>
<arg>equal</arg>
<arg>${addressCityUf}</arg>
<tag>Assertion</tag>
<tag>Getter</tag>
<tag>PageContent</tag>
<doc>Returns the ``property`` of the element found by ``selector``.</doc>
<msg timestamp="20240107 23:05:36.073" level="INFO">Property: 'João Pessoa/PB'</msg>
<status status="PASS" starttime="20240107 23:05:36.062" endtime="20240107 23:05:36.073"/>
</kw>
<kw name="Fill Text" library="Browser">
<arg>css=input[name=addressNumber]</arg>
<arg>${adressNumber}</arg>
<tag>PageContent</tag>
<tag>Setter</tag>
<doc>Clears and fills the given ``txt`` into the text field found by ``selector``.</doc>
<msg timestamp="20240107 23:05:36.074" level="INFO">Fills the text '120' in the given field.</msg>
<status status="PASS" starttime="20240107 23:05:36.073" endtime="20240107 23:05:36.090"/>
</kw>
<kw name="Fill Text" library="Browser">
<arg>css=input[name=addressDetails]</arg>
<arg>${addressDetails}</arg>
<tag>PageContent</tag>
<tag>Setter</tag>
<doc>Clears and fills the given ``txt`` into the text field found by ``selector``.</doc>
<msg timestamp="20240107 23:05:36.090" level="INFO">Fills the text 'apto105' in the given field.</msg>
<status status="PASS" starttime="20240107 23:05:36.090" endtime="20240107 23:05:36.108"/>
</kw>
<kw name="Upload File By Selector" library="Browser">
<arg>css=input[type=file]</arg>
<arg>${EXECDIR}/i.jpg</arg>
<tag>PageContent</tag>
<tag>Setter</tag>
<doc>Uploads file from `path` to file input element matched by selector.</doc>
<msg timestamp="20240107 23:05:36.110" level="FAIL">ValueError: Nonexistent input file path 'C:\Users\natan\Robot-Discover\i.jpg'</msg>
<status status="FAIL" starttime="20240107 23:05:36.109" endtime="20240107 23:05:36.116"/>
</kw>
<kw name="Click" library="Browser">
<arg>css=.button-register</arg>
<tag>PageContent</tag>
<tag>Setter</tag>
<doc>Simulates mouse click on the element found by ``selector``.</doc>
<status status="NOT RUN" starttime="20240107 23:05:36.116" endtime="20240107 23:05:36.117"/>
</kw>
<kw name="Get Text" library="Browser">
<arg>css=.swal2-html-container</arg>
<arg>equal</arg>
<arg>Recebemos o seu cadastro e em breve retornaremos o contato.</arg>
<tag>Assertion</tag>
<tag>Getter</tag>
<tag>PageContent</tag>
<doc>Returns text attribute of the element found by ``selector``.</doc>
<status status="NOT RUN" starttime="20240107 23:05:36.117" endtime="20240107 23:05:36.118"/>
</kw>
<kw name="Take Screenshot" library="Screenshot">
<arg>${EXECDIR}/logs</arg>
<doc>Takes a screenshot in JPEG format and embeds it into the log file.</doc>
<status status="NOT RUN" starttime="20240107 23:05:36.118" endtime="20240107 23:05:36.118"/>
</kw>
<kw name="Sleep" library="BuiltIn">
<arg>60</arg>
<doc>Pauses the test executed for the given time.</doc>
<status status="NOT RUN" starttime="20240107 23:05:36.118" endtime="20240107 23:05:36.119"/>
</kw>
<status status="FAIL" starttime="20240107 23:05:33.710" endtime="20240107 23:05:36.119">ValueError: Nonexistent input file path 'C:\Users\natan\Robot-Discover\i.jpg'</status>
</test>
<doc>Suite de testes do home page</doc>
<status status="FAIL" starttime="20240107 23:05:32.719" endtime="20240107 23:05:36.203"/>
</suite>
<status status="FAIL" starttime="20240107 23:05:32.715" endtime="20240107 23:05:36.210"/>
</suite>
<status status="FAIL" starttime="20240107 23:05:32.678" endtime="20240107 23:05:36.212"/>
</suite>
<statistics>
<total>
<stat pass="0" fail="1" skip="0">All Tests</stat>
</total>
<tag>
</tag>
<suite>
<stat pass="0" fail="1" skip="0" id="s1" name="Robot-Discover">Robot-Discover</stat>
<stat pass="0" fail="1" skip="0" id="s1-s1" name="TesteQA">Robot-Discover.TesteQA</stat>
<stat pass="0" fail="1" skip="0" id="s1-s1-s1" name="SignupForm">Robot-Discover.TesteQA.SignupForm</stat>
</suite>
</statistics>
<errors>
</errors>
</robot>
